2025-06-09 10:22:36,645 - INFO - Starting Real-time WiFi Monitor...
2025-06-09 10:22:36,645 - INFO - Using interface: --help
2025-06-09 10:22:36,646 - INFO - Starting packet capture...
2025-06-09 10:22:36,660 - ERROR - Monitoring failed: Interface '--help' not found !
2025-06-09 10:28:27,412 - INFO - Starting Real-time WiFi Monitor...
2025-06-09 10:28:27,412 - INFO - Using interface: wlan0mon
2025-06-09 10:28:27,413 - INFO - Starting packet capture...
2025-06-09 10:29:41,959 - INFO - Starting Real-time WiFi Monitor...
2025-06-09 10:29:41,959 - INFO - Using interface: wlan0mon
2025-06-09 10:29:41,960 - INFO - Starting packet capture...
2025-06-09 11:11:01,699 - INFO - Starting Real-time WiFi Monitor...
2025-06-09 11:11:01,699 - INFO - Using interface: wlan0mon
2025-06-09 11:11:01,700 - INFO - Starting packet capture...
2025-06-09 11:48:49,518 - INFO - Starting Real-time WiFi Monitor...
2025-06-09 11:48:49,518 - INFO - Using interface: wlan0mon
2025-06-09 11:48:49,518 - INFO - Starting packet capture...
2025-06-09 17:43:26,689 - INFO - Starting Real-time WiFi Monitor...
2025-06-09 17:43:26,689 - INFO - Using interface: wlan0mon
2025-06-09 17:43:26,689 - INFO - Starting packet capture...
2025-06-09 18:11:41,481 - INFO - Starting Real-time WiFi Monitor...
2025-06-09 18:11:41,482 - INFO - Using interface: wlan0mon
2025-06-09 18:11:41,482 - INFO - Starting packet capture...
2025-06-09 18:22:57,977 - INFO - Starting Real-time WiFi Monitor...
2025-06-09 18:22:57,977 - INFO - Using interface: wlan0mon
2025-06-09 18:22:57,978 - INFO - Starting packet capture...
2025-06-09 18:42:38,162 - INFO - Starting Real-time WiFi Monitor...
2025-06-09 18:42:38,162 - INFO - Using interface: wlan0mon
2025-06-09 18:42:38,162 - INFO - Starting packet capture...
2025-06-09 18:54:01,363 - INFO - Starting Real-time WiFi Monitor...
2025-06-09 18:54:01,364 - INFO - Using interface: wlan0mon
2025-06-09 18:54:01,364 - INFO - Starting packet capture...
2025-06-09 19:11:14,824 - INFO - Starting Real-time WiFi Monitor...
2025-06-09 19:11:14,824 - INFO - Using interface: wlan0mon
2025-06-09 19:11:14,824 - INFO - Starting packet capture...
2025-06-09 19:12:46,540 - INFO - Starting Real-time WiFi Monitor...
2025-06-09 19:12:46,540 - INFO - Using interface: wlan0mon
2025-06-09 19:12:46,540 - INFO - Starting packet capture...
2025-06-09 19:39:12,193 - INFO - Starting Real-time WiFi Monitor...
2025-06-09 19:39:12,193 - INFO - Using interface: wlan0mon
2025-06-09 19:39:12,194 - INFO - Starting packet capture...
2025-06-11 14:10:01,008 - INFO - Starting Real-time WiFi Monitor...
2025-06-11 14:10:01,008 - INFO - Using interface: wlan0mon
2025-06-11 14:10:01,008 - INFO - Starting packet capture...
2025-06-11 14:10:01,027 - ERROR - Monitoring failed: Interface 'wlan0mon' not found !
